


 clock   elapsed:              other lines
 clock   self+sourced   self:  sourced script
000.002: before starting main loop
000.003: --- NVIM STARTED ---
000.004: UIEnter autocommands
000.007: parsing arguments
000.009: --- NVIM STARTING ---
000.016: editing files in windows
000.018: sourcing /Users/e1205822/.local/share/nvim/plugged/vim-matchup/after/plugin/matchit.vim
000.021: inits 3
000.024: sourcing /Users/e1205822/.config/nvim/config/macos_highlighting.vim
000.026: sourcing /Users/e1205822/.local/share/nvim/runtime/plugin/health.vim
000.027: sourcing /Users/e1205822/.local/share/nvim/runtime/plugin/matchparen.vim
000.027: window checked
000.032: sourcing /Users/e1205822/.local/share/nvim/plugged/vista.vim/plugin/vista.vim
000.038: sourcing /Users/e1205822/.local/share/nvim/plugged/vim-fugitive/ftdetect/fugitive.vim
000.039: sourcing /Users/e1205822/.local/share/nvim/runtime/plugin/tutor.vim
000.045: sourcing /Users/e1205822/.local/share/nvim/runtime/plugin/spellfile.vim
000.047: initialized screen early for UI
000.049: sourcing /Users/e1205822/.local/share/nvim/plugged/kotlin-vim/ftdetect/kotlin.vim
000.050: sourcing /Users/e1205822/.local/share/nvim/runtime/indent.vim
000.053: sourcing /Users/e1205822/.local/share/nvim/runtime/pack/dist/opt/matchit/plugin/matchit.vim
000.054: sourcing /Users/e1205822/.config/nvim/config/macos_remappings.vim
000.059: sourcing /Users/e1205822/.local/share/nvim/plugged/vim-syntax-extra/plugin/vim-syntax-extra.vim
000.062: sourcing /Users/e1205822/.local/share/nvim/runtime/ftplugin.vim
000.068: sourcing /Users/e1205822/.local/share/nvim/plugged/limelight.vim/plugin/limelight.vim
000.071: sourcing /Users/e1205822/.local/share/nvim/plugged/At-Zed-vim/plugin/at-zed.vim
000.079: inits 2
000.079: sourcing /Users/e1205822/gitclones/vim-neovim-config/.git/virkvonce.vim
000.091: sourcing /Users/e1205822/.local/share/nvim/runtime/ftoff.vim
000.094: sourcing /Users/e1205822/.local/share/nvim/plugged/vim-liquid/ftdetect/liquid.vim
000.095: sourcing /Users/e1205822/.local/share/nvim/plugged/vim-visual-star-search/plugin/visual-star-search.vim
000.098: sourcing /Users/e1205822/.local/share/nvim/plugged/vim-bbye/plugin/bbye.vim
000.105: sourcing /Users/e1205822/.local/share/nvim/plugged/bclose.vim/plugin/bclose.vim
000.120: sourcing /Users/e1205822/.local/share/nvim/plugged/hex-this-vim/plugin/hex_this.vim
000.128: sourcing /Users/e1205822/.local/share/nvim/plugged/vim-all/plugin/all.vim
000.129: sourcing /Users/e1205822/.local/share/nvim/plugged/coc.nvim/autoload/coc/rpc.vim
000.131: sourcing /Users/e1205822/.local/share/nvim/plugged/vim-matchup/autoload/matchup/re.vim
000.136: sourcing /Users/e1205822/.local/share/nvim/plugged/togool.vim/plugin/togool.vim
000.140: sourcing /Users/e1205822/.local/share/nvim/plugged/vim-matchup/autoload/matchup/perf.vim
000.141: sourcing /Users/e1205822/.local/share/nvim/plugged/neco-vim/plugin/necovim.vim
000.142: loading packages
000.143: sourcing /Users/e1205822/.local/share/nvim/runtime/plugin/tohtml.vim
000.146: sourcing /Users/e1205822/.local/share/nvim/runtime/plugin/man.vim
000.161: sourcing /Users/e1205822/.local/share/nvim/runtime/syntax/syncolor.vim
000.163: sourcing /Users/e1205822/.local/share/nvim/runtime/syntax/syncolor.vim
000.163: sourcing /Users/e1205822/.local/share/nvim/runtime/syntax/syncolor.vim
000.166: sourcing /Users/e1205822/.local/share/nvim/runtime/syntax/syncolor.vim
000.169: sourcing /Users/e1205822/.local/share/nvim/plugged/vim-startify/plugin/startify.vim
000.177: sourcing /Users/e1205822/.local/share/nvim/plugged/vim-matchup/autoload/matchup/pos.vim
000.178: sourcing /Users/e1205822/.local/share/nvim/plugged/recover.vim/plugin/recover.vim
000.180: sourcing /Users/e1205822/.local/share/nvim/plugged/vim-easy-align/plugin/easy_align.vim
000.180: waiting for UI
000.184: sourcing /Users/e1205822/.local/share/nvim/runtime/syntax/syncolor.vim
000.198: sourcing /Users/e1205822/.local/share/nvim/plugged/lightline.vim/plugin/lightline.vim
000.201: sourcing /Users/e1205822/.local/share/nvim/plugged/lightline.vim/autoload/lightline/tab.vim
000.215: sourcing /Users/e1205822/.local/share/nvim/plugged/far.vim/plugin/far.vim
000.215: sourcing /Users/e1205822/.local/share/nvim/runtime/plugin/matchparen.vim
000.223: sourcing /Users/e1205822/.local/share/nvim/plugged/coc.nvim/autoload/coc/client.vim
000.225: sourcing /Users/e1205822/.local/share/nvim/plugged/vim-mundo/autoload/mundo/util.vim
000.238: sourcing /Users/e1205822/.local/share/nvim/plugged/visual-split.vim/plugin/visual-split.vim
000.244: sourcing /Users/e1205822/.config/nvim/config/conf-plugin.vim
000.245: sourcing /Users/e1205822/.local/share/nvim/runtime/plugin/shada.vim
000.255: sourcing /Users/e1205822/.local/share/nvim/plugged/VirkSpaces/plugin/virkspaces.vim
000.259: sourcing /Users/e1205822/.local/share/nvim/runtime/syntax/nosyntax.vim
000.278: sourcing /Users/e1205822/.local/share/nvim/runtime/plugin/tarPlugin.vim
000.283: sourcing /Users/e1205822/.local/share/nvim/plugged/coc.nvim/autoload/coc.vim
000.293: sourcing /Users/e1205822/.local/share/nvim/plugged/vim-startify/syntax/startify.vim
000.298: sourcing /Users/e1205822/.local/share/nvim/plugged/targets.vim/plugin/targets.vim
000.300: sourcing /Users/e1205822/.local/share/nvim/plugged/vim-matchup/autoload/matchup.vim
000.301: sourcing /Users/e1205822/.local/share/nvim/plugged/vimux/plugin/vimux.vim
000.310: sourcing /Users/e1205822/.local/share/nvim/runtime/plugin/gzip.vim
000.331: sourcing /Users/e1205822/.local/share/nvim/plugged/vim-gutentags/autoload/gutentags/ctags.vim
000.331: sourcing /Users/e1205822/.local/share/nvim/runtime/plugin/zipPlugin.vim
000.338: sourcing /Users/e1205822/.local/share/nvim/plugged/lightline.vim/autoload/lightline/colorscheme.vim
000.339: sourcing /Users/e1205822/.local/share/nvim/runtime/autoload/remote/host.vim
000.341: sourcing /Users/e1205822/.local/share/nvim/plugged/vim-quickui/plugin/quickui.vim
000.347: sourcing /Users/e1205822/.local/share/nvim/plugged/pear-tree/plugin/pear-tree.vim
000.351: sourcing /Users/e1205822/.local/share/nvim/plugged/vim-gutentags/plugin/gutentags.vim
000.361: sourcing /Users/e1205822/.local/share/nvim/runtime/plugin/rplugin.vim
000.369: sourcing /Users/e1205822/.local/share/nvim/runtime/syntax/syncolor.vim
000.377: sourcing vimrc file(s)
000.394: sourcing /Users/e1205822/.local/share/nvim/plugged/pic-vim/plugin/pic-vim.vim
000.408: expanding arguments
000.435: sourcing /Users/e1205822/.local/share/nvim/runtime/autoload/remote/define.vim
000.438: init highlight
000.442: sourcing /Users/e1205822/.config/nvim/config/terminal.vim
000.443: sourcing /Users/e1205822/.local/share/nvim/plugged/vim-flog/plugin/flog.vim
000.446: sourcing /Users/e1205822/.config/nvim/config/coc.vim
000.446: sourcing /Users/e1205822/.local/share/nvim/plugged/vim-matchup/autoload/matchup/loader.vim
000.492: sourcing /Users/e1205822/.local/share/nvim/plugged/vim-gutentags/autoload/gutentags.vim
000.513: sourcing /Users/e1205822/.local/share/nvim/plugged/vim-quickui/autoload/quickui/menu.vim
000.533: sourcing /Users/e1205822/.config/nvim/config/remappings.vim
000.535: sourcing /Users/e1205822/.local/share/nvim/runtime/syntax/syntax.vim
000.545: sourcing /Users/e1205822/.local/share/nvim/plugged/vim-surround/plugin/surround.vim
000.559: sourcing /Users/e1205822/.local/share/nvim/plugged/vim-polyglot/syntax/log.vim
000.585: sourcing /Users/e1205822/.local/share/nvim/runtime/syntax/synload.vim
000.588: sourcing /Users/e1205822/.local/share/nvim/plugged/vim-matchup/autoload/matchup/matchparen.vim
000.602: sourcing /Users/e1205822/.local/share/nvim/runtime/syntax/synload.vim
000.622: sourcing /Users/e1205822/.local/share/nvim/plugged/coc.nvim/autoload/coc/util.vim
000.641: sourcing /Users/e1205822/.local/share/nvim/runtime/scripts.vim
000.673: sourcing /Users/e1205822/.local/share/nvim/plugged/vim-mundo/plugin/mundo.vim
000.674: loading after plugins
000.681: sourcing /Users/e1205822/.local/share/nvim/plugged/VirkSpaces/autoload/virkspaces.vim
000.692: inits 1
000.701: sourcing /Users/e1205822/.config/nvim/config/interface.vim
000.732: sourcing /Users/e1205822/.fzf/plugin/fzf.vim
000.747: sourcing /Users/e1205822/.local/share/nvim/runtime/syntax/syntax.vim
000.763: sourcing /Users/e1205822/.local/share/nvim/plugged/indentLine/after/plugin/indentLine.vim
000.790: sourcing /Users/e1205822/.local/share/nvim/plugged/vim-startify/autoload/startify.vim
000.826: sourcing /Users/e1205822/.local/share/nvim/plugged/fzf.vim/plugin/fzf.vim
000.840: sourcing /Users/e1205822/.local/share/nvim/plugged/lightline.vim/autoload/lightline.vim
000.907: sourcing /Users/e1205822/.local/share/nvim/runtime/plugin/netrwPlugin.vim
001.145: locale set
001.313: sourcing /Users/e1205822/.local/share/nvim/plugged/vim-fugitive/plugin/fugitive.vim
001.468: sourcing /Users/e1205822/.config/nvim/config/highlighting.vim
001.630: sourcing /Users/e1205822/.config/nvim/config/functions.vim
001.966: sourcing /Users/e1205822/.local/share/nvim/rplugin.vim
002.009: sourcing /Users/e1205822/.local/share/nvim/site/autoload/plug.vim
003.441: sourcing /Users/e1205822/.config/nvim/config/quickui.vim
003.497: done waiting for UI
003.600: sourcing /Users/e1205822/.local/share/nvim/runtime/plugin/matchit.vim
003.752: sourcing /Users/e1205822/.local/share/nvim/plugged/lightline.vim/autoload/lightline/colorscheme/1989.vim
004.162: sourcing /Users/e1205822/.local/share/nvim/plugged/vim-polyglot/ftdetect/polyglot.vim
004.710: opening buffers
004.939: BufEnter autocommands
004.957: sourcing /Users/e1205822/.local/share/nvim/plugged/1989.vim/colors/1989.vim
005.103: sourcing /Users/e1205822/.local/share/nvim/plugged/nerdcommenter/plugin/NERD_commenter.vim
005.132: sourcing /Users/e1205822/.local/share/nvim/plugged/vim-matchup/plugin/matchup.vim
005.269: sourcing /Users/e1205822/.local/share/nvim/plugged/vim-fugitive/autoload/fugitive.vim
006.942: sourcing /Users/e1205822/.local/share/nvim/plugged/coc.nvim/plugin/coc.vim
007.609: reading ShaDa
007.633: sourcing /Users/e1205822/.local/share/nvim/runtime/filetype.vim
010.906: sourcing /Users/e1205822/.local/share/nvim/plugged/recover.vim/autoload/recover.vim
011.205: loading plugins
011.252: sourcing /Users/e1205822/.config/nvim/config/plugins.vim
017.875: sourcing /Users/e1205822/.config/nvim/init.vim
018.610: VimEnter autocommands
037.037: first screen update
047.533: sourcing /Users/e1205822/gitclones/vim-neovim-config/.git/session.vim
times in msec
