1585081666.038778 client started (89461): version next-3.1, socket /tmp//tmux-1000/default, protocol 8
1585081666.038877 on Linux 4.19.112-1-MANJARO #1 SMP Fri Mar 20 20:32:56 UTC 2020; libevent 2.1.11-stable (poll)
1585081666.038945 socket is /tmp//tmux-1000/default
1585081666.038979 trying connect
1585081666.039199 add peer 0x55c76d6b54c0: 6 ((nil))
1585081666.039465 sending message 100 to peer 0x55c76d6b54c0 (4 bytes)
1585081666.039490 sending message 101 to peer 0x55c76d6b54c0 (14 bytes)
1585081666.039503 sending message 102 to peer 0x55c76d6b54c0 (11 bytes)
1585081666.039514 sending message 108 to peer 0x55c76d6b54c0 (40 bytes)
1585081666.039532 sending message 104 to peer 0x55c76d6b54c0 (0 bytes)
1585081666.039546 sending message 107 to peer 0x55c76d6b54c0 (4 bytes)
1585081666.039557 sending message 105 to peer 0x55c76d6b54c0 (38 bytes)
1585081666.039569 sending message 105 to peer 0x55c76d6b54c0 (11 bytes)
1585081666.039580 sending message 105 to peer 0x55c76d6b54c0 (22 bytes)
1585081666.039590 sending message 105 to peer 0x55c76d6b54c0 (20 bytes)
1585081666.039600 sending message 105 to peer 0x55c76d6b54c0 (54 bytes)
1585081666.039610 sending message 105 to peer 0x55c76d6b54c0 (22 bytes)
1585081666.039653 sending message 105 to peer 0x55c76d6b54c0 (19 bytes)
1585081666.039667 sending message 105 to peer 0x55c76d6b54c0 (11 bytes)
1585081666.039678 sending message 105 to peer 0x55c76d6b54c0 (35 bytes)
1585081666.039690 sending message 105 to peer 0x55c76d6b54c0 (105 bytes)
1585081666.039702 sending message 105 to peer 0x55c76d6b54c0 (123 bytes)
1585081666.039712 sending message 105 to peer 0x55c76d6b54c0 (17 bytes)
1585081666.039723 sending message 105 to peer 0x55c76d6b54c0 (21 bytes)
1585081666.039734 sending message 105 to peer 0x55c76d6b54c0 (35 bytes)
1585081666.039745 sending message 105 to peer 0x55c76d6b54c0 (30 bytes)
1585081666.039755 sending message 105 to peer 0x55c76d6b54c0 (22 bytes)
1585081666.039765 sending message 105 to peer 0x55c76d6b54c0 (35 bytes)
1585081666.039776 sending message 105 to peer 0x55c76d6b54c0 (17 bytes)
1585081666.039786 sending message 105 to peer 0x55c76d6b54c0 (26 bytes)
1585081666.039797 sending message 105 to peer 0x55c76d6b54c0 (13 bytes)
1585081666.039808 sending message 105 to peer 0x55c76d6b54c0 (12 bytes)
1585081666.039818 sending message 105 to peer 0x55c76d6b54c0 (47 bytes)
1585081666.039830 sending message 105 to peer 0x55c76d6b54c0 (38 bytes)
1585081666.039840 sending message 105 to peer 0x55c76d6b54c0 (11 bytes)
1585081666.039850 sending message 105 to peer 0x55c76d6b54c0 (23 bytes)
1585081666.039861 sending message 105 to peer 0x55c76d6b54c0 (17 bytes)
1585081666.039872 sending message 105 to peer 0x55c76d6b54c0 (23 bytes)
1585081666.039882 sending message 105 to peer 0x55c76d6b54c0 (30 bytes)
1585081666.039892 sending message 105 to peer 0x55c76d6b54c0 (27 bytes)
1585081666.039903 sending message 105 to peer 0x55c76d6b54c0 (24 bytes)
1585081666.039913 sending message 105 to peer 0x55c76d6b54c0 (20 bytes)
1585081666.039924 sending message 105 to peer 0x55c76d6b54c0 (23 bytes)
1585081666.039934 sending message 105 to peer 0x55c76d6b54c0 (21 bytes)
1585081666.039960 sending message 105 to peer 0x55c76d6b54c0 (25 bytes)
1585081666.039964 sending message 105 to peer 0x55c76d6b54c0 (20 bytes)
1585081666.039968 sending message 105 to peer 0x55c76d6b54c0 (8 bytes)
1585081666.039972 sending message 105 to peer 0x55c76d6b54c0 (14 bytes)
1585081666.039976 sending message 105 to peer 0x55c76d6b54c0 (32 bytes)
1585081666.039980 sending message 105 to peer 0x55c76d6b54c0 (1506 bytes)
1585081666.039987 sending message 105 to peer 0x55c76d6b54c0 (27 bytes)
1585081666.039991 sending message 105 to peer 0x55c76d6b54c0 (15 bytes)
1585081666.039995 sending message 105 to peer 0x55c76d6b54c0 (12 bytes)
1585081666.039999 sending message 105 to peer 0x55c76d6b54c0 (11 bytes)
1585081666.040003 sending message 105 to peer 0x55c76d6b54c0 (7 bytes)
1585081666.040008 sending message 105 to peer 0x55c76d6b54c0 (41 bytes)
1585081666.040012 sending message 105 to peer 0x55c76d6b54c0 (10 bytes)
1585081666.040028 sending message 105 to peer 0x55c76d6b54c0 (13 bytes)
1585081666.040033 sending message 105 to peer 0x55c76d6b54c0 (28 bytes)
1585081666.040037 sending message 105 to peer 0x55c76d6b54c0 (38 bytes)
1585081666.040041 sending message 105 to peer 0x55c76d6b54c0 (11 bytes)
1585081666.040045 sending message 105 to peer 0x55c76d6b54c0 (709 bytes)
1585081666.040050 sending message 105 to peer 0x55c76d6b54c0 (17 bytes)
1585081666.040054 sending message 105 to peer 0x55c76d6b54c0 (44 bytes)
1585081666.040058 sending message 105 to peer 0x55c76d6b54c0 (27 bytes)
1585081666.040062 sending message 105 to peer 0x55c76d6b54c0 (86 bytes)
1585081666.040067 sending message 105 to peer 0x55c76d6b54c0 (19 bytes)
1585081666.040071 sending message 105 to peer 0x55c76d6b54c0 (8 bytes)
1585081666.040075 sending message 105 to peer 0x55c76d6b54c0 (41 bytes)
1585081666.040080 sending message 105 to peer 0x55c76d6b54c0 (51 bytes)
1585081666.040084 sending message 105 to peer 0x55c76d6b54c0 (19 bytes)
1585081666.040088 sending message 105 to peer 0x55c76d6b54c0 (15 bytes)
1585081666.040092 sending message 105 to peer 0x55c76d6b54c0 (36 bytes)
1585081666.040097 sending message 105 to peer 0x55c76d6b54c0 (13 bytes)
1585081666.040101 sending message 105 to peer 0x55c76d6b54c0 (52 bytes)
1585081666.040105 sending message 105 to peer 0x55c76d6b54c0 (11 bytes)
1585081666.040110 sending message 105 to peer 0x55c76d6b54c0 (15 bytes)
1585081666.040114 sending message 105 to peer 0x55c76d6b54c0 (35 bytes)
1585081666.040118 sending message 105 to peer 0x55c76d6b54c0 (18 bytes)
1585081666.040122 sending message 105 to peer 0x55c76d6b54c0 (13 bytes)
1585081666.040126 sending message 105 to peer 0x55c76d6b54c0 (41 bytes)
1585081666.040130 sending message 105 to peer 0x55c76d6b54c0 (26 bytes)
1585081666.040134 sending message 105 to peer 0x55c76d6b54c0 (124 bytes)
1585081666.040138 sending message 105 to peer 0x55c76d6b54c0 (23 bytes)
1585081666.040142 sending message 105 to peer 0x55c76d6b54c0 (31 bytes)
1585081666.040146 sending message 105 to peer 0x55c76d6b54c0 (23 bytes)
1585081666.040150 sending message 105 to peer 0x55c76d6b54c0 (26 bytes)
1585081666.040155 sending message 105 to peer 0x55c76d6b54c0 (21 bytes)
1585081666.040160 sending message 105 to peer 0x55c76d6b54c0 (32 bytes)
1585081666.040164 sending message 105 to peer 0x55c76d6b54c0 (27 bytes)
1585081666.040168 sending message 105 to peer 0x55c76d6b54c0 (30 bytes)
1585081666.040172 sending message 106 to peer 0x55c76d6b54c0 (0 bytes)
1585081666.040177 sending message 200 to peer 0x55c76d6b54c0 (4 bytes)
1585081666.040181 client loop enter
1585081666.042803 peer 0x55c76d6b54c0 message 211
1585081666.042822 client_write: sessions should be nested with care, unset $TMUX to force\n
1585081666.042839 peer 0x55c76d6b54c0 message 203
1585081666.042846 client loop exit
